  main.cpp
C:\Users\junghyun1\Desktop\Portfolio\Radio_PC_Tool\Radio_PC_Tool\Radio_PC_Tool\main.cpp(2,10): warning C4067: 전처리기 지시문 다음에 예기치 않은 토큰이 있습니다. 줄 바꿈 문자가 필요합니다.
C:\Users\junghyun1\Desktop\Portfolio\Radio_PC_Tool\Radio_PC_Tool\Radio_PC_Tool\OpenGL\include\GL\glui.h(936,24): warning C4834: [[nodiscard]] 특성이 포함된 함수의 반환 값을 버리는 중입니다.
  (소스 파일 'main.cpp'을(를) 컴파일하는 중)
  
C:\Users\junghyun1\Desktop\Portfolio\Radio_PC_Tool\Radio_PC_Tool\Radio_PC_Tool\serial.h(6,10): warning C4067: 전처리기 지시문 다음에 예기치 않은 토큰이 있습니다. 줄 바꿈 문자가 필요합니다.
  (소스 파일 'main.cpp'을(를) 컴파일하는 중)
  
  코드를 생성하고 있습니다.
  1 of 23 functions ( 4.3%) were compiled, the rest were copied from previous compilation.
    0 functions were new in current compilation
    0 functions had inline decision re-evaluated but remain unchanged
  코드를 생성했습니다.
glui32.lib(algebra3.obj) : warning LNK4099: '' PDB를 'glui32.lib(algebra3.obj)' 또는 ''에서 찾을 수 없습니다. 디버그 정보가 없는 것처럼 개체를 링크합니다.
glui32.lib(arcball.obj) : warning LNK4099: '_glui library.pdb' PDB를 'glui32.lib(arcball.obj)' 또는 'C:\Users\junghyun1\Desktop\Portfolio\Radio_PC_Tool\Radio_PC_Tool\Release\_glui library.pdb'에서 찾을 수 없습니다. 디버그 정보가 없는 것처럼 개체를 링크합니다.
glui32.lib(glui.obj) : warning LNK4099: '_glui library.pdb' PDB를 'glui32.lib(glui.obj)' 또는 'C:\Users\junghyun1\Desktop\Portfolio\Radio_PC_Tool\Radio_PC_Tool\Release\_glui library.pdb'에서 찾을 수 없습니다. 디버그 정보가 없는 것처럼 개체를 링크합니다.
glui32.lib(glui_add_controls.obj) : warning LNK4099: '_glui library.pdb' PDB를 'glui32.lib(glui_add_controls.obj)' 또는 'C:\Users\junghyun1\Desktop\Portfolio\Radio_PC_Tool\Radio_PC_Tool\Release\_glui library.pdb'에서 찾을 수 없습니다. 디버그 정보가 없는 것처럼 개체를 링크합니다.
glui32.lib(glui_bitmaps.obj) : warning LNK4099: '_glui library.pdb' PDB를 'glui32.lib(glui_bitmaps.obj)' 또는 'C:\Users\junghyun1\Desktop\Portfolio\Radio_PC_Tool\Radio_PC_Tool\Release\_glui library.pdb'에서 찾을 수 없습니다. 디버그 정보가 없는 것처럼 개체를 링크합니다.
glui32.lib(glui_bitmap_img_data.obj) : warning LNK4099: '' PDB를 'glui32.lib(glui_bitmap_img_data.obj)' 또는 ''에서 찾을 수 없습니다. 디버그 정보가 없는 것처럼 개체를 링크합니다.
glui32.lib(glui_button.obj) : warning LNK4099: '_glui library.pdb' PDB를 'glui32.lib(glui_button.obj)' 또는 'C:\Users\junghyun1\Desktop\Portfolio\Radio_PC_Tool\Radio_PC_Tool\Release\_glui library.pdb'에서 찾을 수 없습니다. 디버그 정보가 없는 것처럼 개체를 링크합니다.
glui32.lib(glui_checkbox.obj) : warning LNK4099: '' PDB를 'glui32.lib(glui_checkbox.obj)' 또는 ''에서 찾을 수 없습니다. 디버그 정보가 없는 것처럼 개체를 링크합니다.
glui32.lib(glui_column.obj) : warning LNK4099: '' PDB를 'glui32.lib(glui_column.obj)' 또는 ''에서 찾을 수 없습니다. 디버그 정보가 없는 것처럼 개체를 링크합니다.
glui32.lib(glui_control.obj) : warning LNK4099: '' PDB를 'glui32.lib(glui_control.obj)' 또는 ''에서 찾을 수 없습니다. 디버그 정보가 없는 것처럼 개체를 링크합니다.
glui32.lib(glui_edittext.obj) : warning LNK4099: '' PDB를 'glui32.lib(glui_edittext.obj)' 또는 ''에서 찾을 수 없습니다. 디버그 정보가 없는 것처럼 개체를 링크합니다.
glui32.lib(glui_listbox.obj) : warning LNK4099: '' PDB를 'glui32.lib(glui_listbox.obj)' 또는 ''에서 찾을 수 없습니다. 디버그 정보가 없는 것처럼 개체를 링크합니다.
glui32.lib(glui_mouse_iaction.obj) : warning LNK4099: '_glui library.pdb' PDB를 'glui32.lib(glui_mouse_iaction.obj)' 또는 'C:\Users\junghyun1\Desktop\Portfolio\Radio_PC_Tool\Radio_PC_Tool\Release\_glui library.pdb'에서 찾을 수 없습니다. 디버그 정보가 없는 것처럼 개체를 링크합니다.
glui32.lib(glui_node.obj) : warning LNK4099: '_glui library.pdb' PDB를 'glui32.lib(glui_node.obj)' 또는 'C:\Users\junghyun1\Desktop\Portfolio\Radio_PC_Tool\Radio_PC_Tool\Release\_glui library.pdb'에서 찾을 수 없습니다. 디버그 정보가 없는 것처럼 개체를 링크합니다.
glui32.lib(glui_panel.obj) : warning LNK4099: '' PDB를 'glui32.lib(glui_panel.obj)' 또는 ''에서 찾을 수 없습니다. 디버그 정보가 없는 것처럼 개체를 링크합니다.
glui32.lib(glui_radio.obj) : warning LNK4099: '_glui library.pdb' PDB를 'glui32.lib(glui_radio.obj)' 또는 'C:\Users\junghyun1\Desktop\Portfolio\Radio_PC_Tool\Radio_PC_Tool\Release\_glui library.pdb'에서 찾을 수 없습니다. 디버그 정보가 없는 것처럼 개체를 링크합니다.
glui32.lib(glui_rollout.obj) : warning LNK4099: '_glui library.pdb' PDB를 'glui32.lib(glui_rollout.obj)' 또는 'C:\Users\junghyun1\Desktop\Portfolio\Radio_PC_Tool\Radio_PC_Tool\Release\_glui library.pdb'에서 찾을 수 없습니다. 디버그 정보가 없는 것처럼 개체를 링크합니다.
glui32.lib(glui_rotation.obj) : warning LNK4099: '_glui library.pdb' PDB를 'glui32.lib(glui_rotation.obj)' 또는 'C:\Users\junghyun1\Desktop\Portfolio\Radio_PC_Tool\Radio_PC_Tool\Release\_glui library.pdb'에서 찾을 수 없습니다. 디버그 정보가 없는 것처럼 개체를 링크합니다.
glui32.lib(glui_separator.obj) : warning LNK4099: '_glui library.pdb' PDB를 'glui32.lib(glui_separator.obj)' 또는 'C:\Users\junghyun1\Desktop\Portfolio\Radio_PC_Tool\Radio_PC_Tool\Release\_glui library.pdb'에서 찾을 수 없습니다. 디버그 정보가 없는 것처럼 개체를 링크합니다.
glui32.lib(glui_spinner.obj) : warning LNK4099: '' PDB를 'glui32.lib(glui_spinner.obj)' 또는 ''에서 찾을 수 없습니다. 디버그 정보가 없는 것처럼 개체를 링크합니다.
glui32.lib(glui_statictext.obj) : warning LNK4099: '' PDB를 'glui32.lib(glui_statictext.obj)' 또는 ''에서 찾을 수 없습니다. 디버그 정보가 없는 것처럼 개체를 링크합니다.
glui32.lib(glui_string.obj) : warning LNK4099: '_glui library.pdb' PDB를 'glui32.lib(glui_string.obj)' 또는 'C:\Users\junghyun1\Desktop\Portfolio\Radio_PC_Tool\Radio_PC_Tool\Release\_glui library.pdb'에서 찾을 수 없습니다. 디버그 정보가 없는 것처럼 개체를 링크합니다.
glui32.lib(glui_translation.obj) : warning LNK4099: '_glui library.pdb' PDB를 'glui32.lib(glui_translation.obj)' 또는 'C:\Users\junghyun1\Desktop\Portfolio\Radio_PC_Tool\Radio_PC_Tool\Release\_glui library.pdb'에서 찾을 수 없습니다. 디버그 정보가 없는 것처럼 개체를 링크합니다.
glui32.lib(glui_window.obj) : warning LNK4099: '_glui library.pdb' PDB를 'glui32.lib(glui_window.obj)' 또는 'C:\Users\junghyun1\Desktop\Portfolio\Radio_PC_Tool\Radio_PC_Tool\Release\_glui library.pdb'에서 찾을 수 없습니다. 디버그 정보가 없는 것처럼 개체를 링크합니다.
glui32.lib(quaternion.obj) : warning LNK4099: '' PDB를 'glui32.lib(quaternion.obj)' 또는 ''에서 찾을 수 없습니다. 디버그 정보가 없는 것처럼 개체를 링크합니다.
  Radio_PC_Tool.vcxproj -> C:\Users\junghyun1\Desktop\Portfolio\Radio_PC_Tool\Radio_PC_Tool\Release\Radio_PC_Tool.exe
